=== RUN   Test2
10:57:31.732621 [0] listening at [::]:46087
10:57:31.733133 [1] listening at [::]:39411
10:57:31.733564 [2] listening at [::]:44563
10:57:31.734061 [3] listening at [::]:34723
10:57:31.734481 [4] listening at [::]:35949
10:57:31.749639 AT NODE 1: Election timer started: 4.253s, with term=0
10:57:31.749759 AT NODE 0: Election timer started: 4.136s, with term=0
10:57:31.749649 AT NODE 4: Election timer started: 5.4s, with term=0
10:57:31.749705 AT NODE 3: Election timer started: 4.917s, with term=0
10:57:31.749733 AT NODE 2: Election timer started: 5.71s, with term=0
10:57:35.950246 AT NODE 0: became Candidate with term=1;
10:57:35.952936 AT NODE 0: Election timer started: 4.034s, with term=1
10:57:35.952948 AT NODE 0: sending RequestVote to 2: {Term:1 CandidateId:0 LastLogIndex:-1 LastLogTerm:-1 Latency:409}
10:57:35.953410 AT NODE 0: sending RequestVote to 3: {Term:1 CandidateId:0 LastLogIndex:-1 LastLogTerm:-1 Latency:116}
10:57:35.954772 AT NODE 0: sending RequestVote to 4: {Term:1 CandidateId:0 LastLogIndex:-1 LastLogTerm:-1 Latency:102}
10:57:35.953079 AT NODE 0: sending RequestVote to 1: {Term:1 CandidateId:0 LastLogIndex:-1 LastLogTerm:-1 Latency:194}
10:57:36.083632 AT NODE 4: Received Vote Request from NODE 0; Args: {Term:1 CandidateId:0 LastLogIndex:-1 LastLogTerm:-1 Latency:102} [currentTerm=0, votedFor=-1, log index/term=(-1, -1)]
10:57:36.083859 AT NODE 4: became Follower with term=1; log=[]
10:57:36.084050 AT NODE 4: Updated currentTerm=1; reset votedFor and election timer
10:57:36.084995 AT NODE 4: Sending Request Vote Reply: &{Term:1 VoteGranted:true}
10:57:36.085481 AT NODE 4: Election timer started: 4.856s, with term=1
10:57:36.088986 AT NODE 0: received RequestVoteReply from 4: {Term:1 VoteGranted:true}
10:57:36.100749 AT NODE 3: Received Vote Request from NODE 0; Args: {Term:1 CandidateId:0 LastLogIndex:-1 LastLogTerm:-1 Latency:116} [currentTerm=0, votedFor=-1, log index/term=(-1, -1)]
10:57:36.100877 AT NODE 3: became Follower with term=1; log=[]
10:57:36.100944 AT NODE 3: Updated currentTerm=1; reset votedFor and election timer
10:57:36.101358 AT NODE 3: Sending Request Vote Reply: &{Term:1 VoteGranted:true}
10:57:36.102452 AT NODE 3: Election timer started: 5.25s, with term=1
10:57:36.104857 AT NODE 0: received RequestVoteReply from 3: {Term:1 VoteGranted:true}
10:57:36.105249 AT NODE 0: became Leader; term=1, nextIndex=map[1:0 2:0 3:0 4:0], matchIndex=map[1:-1 2:-1 3:-1 4:-1]; log=[]
10:57:36.151104 AT NODE 1: became Candidate with term=1;
10:57:36.152986 AT NODE 1: sending RequestVote to 4: {Term:1 CandidateId:1 LastLogIndex:-1 LastLogTerm:-1 Latency:350}
10:57:36.153295 AT NODE 1: Election timer started: 4.638s, with term=1
10:57:36.153345 AT NODE 1: sending RequestVote to 3: {Term:1 CandidateId:1 LastLogIndex:-1 LastLogTerm:-1 Latency:338}
10:57:36.153042 AT NODE 1: sending RequestVote to 2: {Term:1 CandidateId:1 LastLogIndex:-1 LastLogTerm:-1 Latency:361}
10:57:36.156250 AT NODE 1: sending RequestVote to 0: {Term:1 CandidateId:1 LastLogIndex:-1 LastLogTerm:-1 Latency:70}
10:57:36.175644 AT NODE 1: Received Vote Request from NODE 0; Args: {Term:1 CandidateId:0 LastLogIndex:-1 LastLogTerm:-1 Latency:194} [currentTerm=1, votedFor=1, log index/term=(-1, -1)]
10:57:36.175829 AT NODE 1: Sending Request Vote Reply: &{Term:1 VoteGranted:false}
10:57:36.177931 AT NODE 0: received RequestVoteReply from 1: {Term:1 VoteGranted:false}
10:57:36.178083 AT NODE 0: State changed from Candidate to Leader
10:57:36.251437 AT NODE 0: Received Vote Request from NODE 1; Args: {Term:1 CandidateId:1 LastLogIndex:-1 LastLogTerm:-1 Latency:70} [currentTerm=1, votedFor=0, log index/term=(-1, -1)]
10:57:36.251621 AT NODE 0: Sending Request Vote Reply: &{Term:1 VoteGranted:false}
10:57:36.253668 AT NODE 1: received RequestVoteReply from 0: {Term:1 VoteGranted:false}
10:57:36.254996 AT NODE 0: ReceiveClientCommand received by Leader: Set X = 5
10:57:36.255278 AT NODE 0: Log=[{Set X = 5 1}]
10:57:36.255625 AT NODE 0: ReceiveClientCommand received by Leader: Set X = 1000
10:57:36.256021 AT NODE 0: Log=[{Set X = 5 1} {Set X = 1000 1}]
10:57:36.258343 AT NODE 2: became Follower with term=1; log=[]
10:57:36.258528 AT NODE 2: Updated currentTerm=1; reset votedFor and election timer
10:57:36.260299 AT NODE 2: Election timer started: 3.866s, with term=1
10:57:36.392922 AT NODE 2: Received Vote Request from NODE 0; Args: {Term:1 CandidateId:0 LastLogIndex:-1 LastLogTerm:-1 Latency:409} [currentTerm=1, votedFor=-1, log index/term=(-1, -1)]
10:57:36.393400 AT NODE 2: Sending Request Vote Reply: &{Term:1 VoteGranted:true}
10:57:36.395922 AT NODE 0: received RequestVoteReply from 2: {Term:1 VoteGranted:true}
10:57:36.396198 AT NODE 0: State changed from Candidate to Leader
10:57:36.506455 AT NODE 1: became Follower with term=1; log=[]
10:57:36.506631 AT NODE 1: Updated currentTerm=1; reset votedFor and election timer
10:57:36.507743 AT NODE 1: Election timer started: 4.804s, with term=1
10:57:36.517887 AT NODE 3: Received Vote Request from NODE 1; Args: {Term:1 CandidateId:1 LastLogIndex:-1 LastLogTerm:-1 Latency:338} [currentTerm=1, votedFor=0, log index/term=(-1, -1)]
10:57:36.518064 AT NODE 3: Sending Request Vote Reply: &{Term:1 VoteGranted:false}
10:57:36.520626 AT NODE 1: received RequestVoteReply from 3: {Term:1 VoteGranted:false}
10:57:36.520752 AT NODE 1: State changed from Candidate to Follower
10:57:36.529801 AT NODE 4: Received Vote Request from NODE 1; Args: {Term:1 CandidateId:1 LastLogIndex:-1 LastLogTerm:-1 Latency:350} [currentTerm=1, votedFor=0, log index/term=(-1, -1)]
10:57:36.529973 AT NODE 4: Sending Request Vote Reply: &{Term:1 VoteGranted:false}
10:57:36.532810 AT NODE 1: received RequestVoteReply from 4: {Term:1 VoteGranted:false}
10:57:36.532930 AT NODE 1: State changed from Candidate to Follower
10:57:36.541602 AT NODE 2: Received Vote Request from NODE 1; Args: {Term:1 CandidateId:1 LastLogIndex:-1 LastLogTerm:-1 Latency:361} [currentTerm=1, votedFor=0, log index/term=(-1, -1)]
10:57:36.541781 AT NODE 2: Sending Request Vote Reply: &{Term:1 VoteGranted:false}
10:57:36.543981 AT NODE 1: received RequestVoteReply from 2: {Term:1 VoteGranted:false}
10:57:36.544101 AT NODE 1: State changed from Candidate to Follower
10:57:37.106911 AT NODE 0: sending AppendEntries to 3: currentPeer_nextIndex=0, args={Term:1 LeaderId:0 PrevLogIndex:-1 PrevLogTerm:-1 Entries:[{Command:Set X = 5 Term:1} {Command:Set X = 1000 Term:1}] LeaderCommit:-1 Latency:61}
10:57:37.108008 AT NODE 0: sending AppendEntries to 1: currentPeer_nextIndex=0, args={Term:1 LeaderId:0 PrevLogIndex:-1 PrevLogTerm:-1 Entries:[{Command:Set X = 5 Term:1} {Command:Set X = 1000 Term:1}] LeaderCommit:-1 Latency:223}
10:57:37.108169 AT NODE 0: sending AppendEntries to 2: currentPeer_nextIndex=0, args={Term:1 LeaderId:0 PrevLogIndex:-1 PrevLogTerm:-1 Entries:[{Command:Set X = 5 Term:1} {Command:Set X = 1000 Term:1}] LeaderCommit:-1 Latency:242}
10:57:37.109307 AT NODE 0: sending AppendEntries to 4: currentPeer_nextIndex=0, args={Term:1 LeaderId:0 PrevLogIndex:-1 PrevLogTerm:-1 Entries:[{Command:Set X = 5 Term:1} {Command:Set X = 1000 Term:1}] LeaderCommit:-1 Latency:495}
10:57:37.190655 AT NODE 3: Received AppendEntries from NODE 0; args: {Term:1 LeaderId:0 PrevLogIndex:-1 PrevLogTerm:-1 Entries:[{Command:Set X = 5 Term:1} {Command:Set X = 1000 Term:1}] LeaderCommit:-1 Latency:61}
10:57:37.191120 AT NODE 3: Log is now: [{Set X = 5 1} {Set X = 1000 1}]
10:57:37.191263 AT NODE 3: Sending AppendEntries reply: {Term:1 Success:true}
10:57:37.192577 AT NODE 0: AppendEntries reply from NODE 3 success: nextIndex := map[1:0 2:0 3:2 4:0], matchIndex := map[1:-1 2:-1 3:1 4:-1]
10:57:37.352598 AT NODE 1: Received AppendEntries from NODE 0; args: {Term:1 LeaderId:0 PrevLogIndex:-1 PrevLogTerm:-1 Entries:[{Command:Set X = 5 Term:1} {Command:Set X = 1000 Term:1}] LeaderCommit:-1 Latency:223}
10:57:37.352811 AT NODE 1: Log is now: [{Set X = 5 1} {Set X = 1000 1}]
10:57:37.352919 AT NODE 1: Sending AppendEntries reply: {Term:1 Success:true}
10:57:37.353981 AT NODE 0: AppendEntries reply from NODE 1 success: nextIndex := map[1:2 2:0 3:2 4:0], matchIndex := map[1:1 2:-1 3:1 4:-1]
10:57:37.354119 AT NODE 0: leader sets commitIndex := 1
10:57:37.372633 AT NODE 2: Received AppendEntries from NODE 0; args: {Term:1 LeaderId:0 PrevLogIndex:-1 PrevLogTerm:-1 Entries:[{Command:Set X = 5 Term:1} {Command:Set X = 1000 Term:1}] LeaderCommit:-1 Latency:242}
10:57:37.372833 AT NODE 2: Log is now: [{Set X = 5 1} {Set X = 1000 1}]
10:57:37.372938 AT NODE 2: Sending AppendEntries reply: {Term:1 Success:true}
10:57:37.374931 AT NODE 0: AppendEntries reply from NODE 2 success: nextIndex := map[1:2 2:2 3:2 4:0], matchIndex := map[1:1 2:1 3:1 4:-1]
10:57:37.626436 AT NODE 4: Received AppendEntries from NODE 0; args: {Term:1 LeaderId:0 PrevLogIndex:-1 PrevLogTerm:-1 Entries:[{Command:Set X = 5 Term:1} {Command:Set X = 1000 Term:1}] LeaderCommit:-1 Latency:495}
10:57:37.626673 AT NODE 4: Log is now: [{Set X = 5 1} {Set X = 1000 1}]
10:57:37.626789 AT NODE 4: Sending AppendEntries reply: {Term:1 Success:true}
10:57:37.628068 AT NODE 0: AppendEntries reply from NODE 4 success: nextIndex := map[1:2 2:2 3:2 4:2], matchIndex := map[1:1 2:1 3:1 4:1]
10:57:39.256477 [ACTION] Disconnecting 0
10:57:43.062014 AT NODE 2: became Candidate with term=2;
10:57:43.063416 AT NODE 2: sending RequestVote to 4: {Term:2 CandidateId:2 LastLogIndex:1 LastLogTerm:1 Latency:3}
10:57:43.063663 AT NODE 2: sending RequestVote to 1: {Term:2 CandidateId:2 LastLogIndex:1 LastLogTerm:1 Latency:413}
10:57:43.063739 AT NODE 2: sending RequestVote to 3: {Term:2 CandidateId:2 LastLogIndex:1 LastLogTerm:1 Latency:456}
10:57:43.063507 AT NODE 2: sending RequestVote to 0: {Term:2 CandidateId:2 LastLogIndex:1 LastLogTerm:1 Latency:455}
10:57:43.063513 AT NODE 2: Election timer started: 3.069s, with term=2
10:57:43.089241 AT NODE 4: Received Vote Request from NODE 2; Args: {Term:2 CandidateId:2 LastLogIndex:1 LastLogTerm:1 Latency:3} [currentTerm=1, votedFor=0, log index/term=(1, 1)]
10:57:43.089478 AT NODE 4: became Follower with term=2; log=[{Set X = 5 1} {Set X = 1000 1}]
10:57:43.089577 AT NODE 4: Updated currentTerm=2; reset votedFor and election timer
10:57:43.089996 AT NODE 4: Sending Request Vote Reply: &{Term:2 VoteGranted:true}
10:57:43.090441 AT NODE 4: Election timer started: 4.784s, with term=2
10:57:43.092166 AT NODE 2: received RequestVoteReply from 4: {Term:2 VoteGranted:true}
10:57:43.499586 AT NODE 1: Received Vote Request from NODE 2; Args: {Term:2 CandidateId:2 LastLogIndex:1 LastLogTerm:1 Latency:413} [currentTerm=1, votedFor=-1, log index/term=(1, 1)]
10:57:43.499825 AT NODE 1: became Follower with term=2; log=[{Set X = 5 1} {Set X = 1000 1}]
10:57:43.499924 AT NODE 1: Updated currentTerm=2; reset votedFor and election timer
10:57:43.500425 AT NODE 1: Sending Request Vote Reply: &{Term:2 VoteGranted:true}
10:57:43.500988 AT NODE 1: Election timer started: 3s, with term=2
10:57:43.502357 AT NODE 2: received RequestVoteReply from 1: {Term:2 VoteGranted:true}
10:57:43.502889 AT NODE 2: became Leader; term=2, nextIndex=map[0:2 1:2 3:2 4:2], matchIndex=map[0:-1 1:-1 3:-1 4:-1]; log=[{Set X = 5 1} {Set X = 1000 1}]
10:57:43.543440 AT NODE 3: Received Vote Request from NODE 2; Args: {Term:2 CandidateId:2 LastLogIndex:1 LastLogTerm:1 Latency:456} [currentTerm=1, votedFor=0, log index/term=(1, 1)]
10:57:43.543696 AT NODE 3: became Follower with term=2; log=[{Set X = 5 1} {Set X = 1000 1}]
10:57:43.543812 AT NODE 3: Updated currentTerm=2; reset votedFor and election timer
10:57:43.544271 AT NODE 3: Sending Request Vote Reply: &{Term:2 VoteGranted:true}
10:57:43.544615 AT NODE 3: Election timer started: 4.449s, with term=2
10:57:43.546449 AT NODE 2: received RequestVoteReply from 3: {Term:2 VoteGranted:true}
10:57:43.546571 AT NODE 2: State changed from Candidate to Leader
10:57:43.764860 AT NODE 2: ReceiveClientCommand received by Leader: Set X = X+10
10:57:43.765093 AT NODE 2: Log=[{Set X = 5 1} {Set X = 1000 1} {Set X = X+10 2}]
10:57:43.765182 AT NODE 2: ReceiveClientCommand received by Leader: Set X = X+1
10:57:43.765344 AT NODE 2: Log=[{Set X = 5 1} {Set X = 1000 1} {Set X = X+10 2} {Set X = X+1 2}]
10:57:43.765423 AT NODE 2: ReceiveClientCommand received by Leader: Set Y = 5
10:57:43.765593 AT NODE 2: Log=[{Set X = 5 1} {Set X = 1000 1} {Set X = X+10 2} {Set X = X+1 2} {Set Y = 5 2}]
10:57:43.765673 AT NODE 2: ReceiveClientCommand received by Leader: Set Y = X+Y
10:57:43.765818 AT NODE 2: Log=[{Set X = 5 1} {Set X = 1000 1} {Set X = X+10 2} {Set X = X+1 2} {Set Y = 5 2} {Set Y = X+Y 2}]
10:57:43.765880 AT NODE 2: ReceiveClientCommand received by Leader: Set Y = Y+3
10:57:43.766042 AT NODE 2: Log=[{Set X = 5 1} {Set X = 1000 1} {Set X = X+10 2} {Set X = X+1 2} {Set Y = 5 2} {Set Y = X+Y 2} {Set Y = Y+3 2}]
10:57:43.766119 AT NODE 2: ReceiveClientCommand received by Leader: Set Z = -1
10:57:43.766294 AT NODE 2: Log=[{Set X = 5 1} {Set X = 1000 1} {Set X = X+10 2} {Set X = X+1 2} {Set Y = 5 2} {Set Y = X+Y 2} {Set Y = Y+3 2} {Set Z = -1 2}]
10:57:44.505083 AT NODE 2: sending AppendEntries to 4: currentPeer_nextIndex=2, args={Term:2 LeaderId:2 PrevLogIndex:1 PrevLogTerm:1 Entries:[{Command:Set X = X+10 Term:2} {Command:Set X = X+1 Term:2} {Command:Set Y = 5 Term:2} {Command:Set Y = X+Y Term:2} {Command:Set Y = Y+3 Term:2} {Command:Set Z = -1 Term:2}] LeaderCommit:1 Latency:218}
10:57:44.506153 AT NODE 2: sending AppendEntries to 0: currentPeer_nextIndex=2, args={Term:2 LeaderId:2 PrevLogIndex:1 PrevLogTerm:1 Entries:[{Command:Set X = X+10 Term:2} {Command:Set X = X+1 Term:2} {Command:Set Y = 5 Term:2} {Command:Set Y = X+Y Term:2} {Command:Set Y = Y+3 Term:2} {Command:Set Z = -1 Term:2}] LeaderCommit:1 Latency:183}
10:57:44.506673 AT NODE 2: sending AppendEntries to 1: currentPeer_nextIndex=2, args={Term:2 LeaderId:2 PrevLogIndex:1 PrevLogTerm:1 Entries:[{Command:Set X = X+10 Term:2} {Command:Set X = X+1 Term:2} {Command:Set Y = 5 Term:2} {Command:Set Y = X+Y Term:2} {Command:Set Y = Y+3 Term:2} {Command:Set Z = -1 Term:2}] LeaderCommit:1 Latency:146}
10:57:44.507810 AT NODE 2: sending AppendEntries to 3: currentPeer_nextIndex=2, args={Term:2 LeaderId:2 PrevLogIndex:1 PrevLogTerm:1 Entries:[{Command:Set X = X+10 Term:2} {Command:Set X = X+1 Term:2} {Command:Set Y = 5 Term:2} {Command:Set Y = X+Y Term:2} {Command:Set Y = Y+3 Term:2} {Command:Set Z = -1 Term:2}] LeaderCommit:1 Latency:206}
10:57:44.675738 AT NODE 1: Received AppendEntries from NODE 2; args: {Term:2 LeaderId:2 PrevLogIndex:1 PrevLogTerm:1 Entries:[{Command:Set X = X+10 Term:2} {Command:Set X = X+1 Term:2} {Command:Set Y = 5 Term:2} {Command:Set Y = X+Y Term:2} {Command:Set Y = Y+3 Term:2} {Command:Set Z = -1 Term:2}] LeaderCommit:1 Latency:146}
10:57:44.676073 AT NODE 1: Log is now: [{Set X = 5 1} {Set X = 1000 1} {Set X = X+10 2} {Set X = X+1 2} {Set Y = 5 2} {Set Y = X+Y 2} {Set Y = Y+3 2} {Set Z = -1 2}]
10:57:44.676200 AT NODE 1: Sending AppendEntries reply: {Term:2 Success:true}
10:57:44.677208 AT NODE 2: AppendEntries reply from NODE 1 success: nextIndex := map[0:2 1:8 3:2 4:2], matchIndex := map[0:-1 1:7 3:1 4:1]
10:57:44.736666 AT NODE 3: Received AppendEntries from NODE 2; args: {Term:2 LeaderId:2 PrevLogIndex:1 PrevLogTerm:1 Entries:[{Command:Set X = X+10 Term:2} {Command:Set X = X+1 Term:2} {Command:Set Y = 5 Term:2} {Command:Set Y = X+Y Term:2} {Command:Set Y = Y+3 Term:2} {Command:Set Z = -1 Term:2}] LeaderCommit:1 Latency:206}
10:57:44.737052 AT NODE 3: Log is now: [{Set X = 5 1} {Set X = 1000 1} {Set X = X+10 2} {Set X = X+1 2} {Set Y = 5 2} {Set Y = X+Y 2} {Set Y = Y+3 2} {Set Z = -1 2}]
10:57:44.737199 AT NODE 3: Sending AppendEntries reply: {Term:2 Success:true}
10:57:44.738348 AT NODE 2: AppendEntries reply from NODE 3 success: nextIndex := map[0:2 1:8 3:8 4:2], matchIndex := map[0:-1 1:7 3:7 4:1]
10:57:44.738501 AT NODE 2: leader sets commitIndex := 7
10:57:44.748015 AT NODE 4: Received AppendEntries from NODE 2; args: {Term:2 LeaderId:2 PrevLogIndex:1 PrevLogTerm:1 Entries:[{Command:Set X = X+10 Term:2} {Command:Set X = X+1 Term:2} {Command:Set Y = 5 Term:2} {Command:Set Y = X+Y Term:2} {Command:Set Y = Y+3 Term:2} {Command:Set Z = -1 Term:2}] LeaderCommit:1 Latency:218}
10:57:44.748306 AT NODE 4: Log is now: [{Set X = 5 1} {Set X = 1000 1} {Set X = X+10 2} {Set X = X+1 2} {Set Y = 5 2} {Set Y = X+Y 2} {Set Y = Y+3 2} {Set Z = -1 2}]
10:57:44.748457 AT NODE 4: Sending AppendEntries reply: {Term:2 Success:true}
10:57:44.749669 AT NODE 2: AppendEntries reply from NODE 4 success: nextIndex := map[0:2 1:8 3:8 4:8], matchIndex := map[0:-1 1:7 3:7 4:7]
10:57:45.505437 AT NODE 2: sending AppendEntries to 0: currentPeer_nextIndex=2, args={Term:2 LeaderId:2 PrevLogIndex:1 PrevLogTerm:1 Entries:[{Command:Set X = X+10 Term:2} {Command:Set X = X+1 Term:2} {Command:Set Y = 5 Term:2} {Command:Set Y = X+Y Term:2} {Command:Set Y = Y+3 Term:2} {Command:Set Z = -1 Term:2}] LeaderCommit:7 Latency:79}
10:57:46.505984 AT NODE 2: sending AppendEntries to 0: currentPeer_nextIndex=2, args={Term:2 LeaderId:2 PrevLogIndex:1 PrevLogTerm:1 Entries:[{Command:Set X = X+10 Term:2} {Command:Set X = X+1 Term:2} {Command:Set Y = 5 Term:2} {Command:Set Y = X+Y Term:2} {Command:Set Y = Y+3 Term:2} {Command:Set Z = -1 Term:2}] LeaderCommit:7 Latency:393}
10:57:46.767238 AT NODE 2: ReceiveClientCommand received by Leader: Set Z = 3
10:57:46.767784 AT NODE 2: Log=[{Set X = 5 1} {Set X = 1000 1} {Set X = X+10 2} {Set X = X+1 2} {Set Y = 5 2} {Set Y = X+Y 2} {Set Y = Y+3 2} {Set Z = -1 2} {Set Z = 3 2}]
10:57:47.504400 AT NODE 2: sending AppendEntries to 0: currentPeer_nextIndex=2, args={Term:2 LeaderId:2 PrevLogIndex:1 PrevLogTerm:1 Entries:[{Command:Set X = X+10 Term:2} {Command:Set X = X+1 Term:2} {Command:Set Y = 5 Term:2} {Command:Set Y = X+Y Term:2} {Command:Set Y = Y+3 Term:2} {Command:Set Z = -1 Term:2} {Command:Set Z = 3 Term:2}] LeaderCommit:7 Latency:295}
10:57:47.504451 AT NODE 2: sending AppendEntries to 4: currentPeer_nextIndex=8, args={Term:2 LeaderId:2 PrevLogIndex:7 PrevLogTerm:2 Entries:[{Command:Set Z = 3 Term:2}] LeaderCommit:7 Latency:415}
10:57:47.504868 AT NODE 2: sending AppendEntries to 3: currentPeer_nextIndex=8, args={Term:2 LeaderId:2 PrevLogIndex:7 PrevLogTerm:2 Entries:[{Command:Set Z = 3 Term:2}] LeaderCommit:7 Latency:189}
10:57:47.504678 AT NODE 2: sending AppendEntries to 1: currentPeer_nextIndex=8, args={Term:2 LeaderId:2 PrevLogIndex:7 PrevLogTerm:2 Entries:[{Command:Set Z = 3 Term:2}] LeaderCommit:7 Latency:310}
10:57:47.716097 AT NODE 3: Received AppendEntries from NODE 2; args: {Term:2 LeaderId:2 PrevLogIndex:7 PrevLogTerm:2 Entries:[{Command:Set Z = 3 Term:2}] LeaderCommit:7 Latency:189}
10:57:47.716455 AT NODE 3: Log is now: [{Set X = 5 1} {Set X = 1000 1} {Set X = X+10 2} {Set X = X+1 2} {Set Y = 5 2} {Set Y = X+Y 2} {Set Y = Y+3 2} {Set Z = -1 2} {Set Z = 3 2}]
10:57:47.716569 AT NODE 3: Sending AppendEntries reply: {Term:2 Success:true}
10:57:47.717672 AT NODE 2: AppendEntries reply from NODE 3 success: nextIndex := map[0:2 1:8 3:9 4:8], matchIndex := map[0:-1 1:7 3:8 4:7]
10:57:47.837895 AT NODE 1: Received AppendEntries from NODE 2; args: {Term:2 LeaderId:2 PrevLogIndex:7 PrevLogTerm:2 Entries:[{Command:Set Z = 3 Term:2}] LeaderCommit:7 Latency:310}
10:57:47.838283 AT NODE 1: Log is now: [{Set X = 5 1} {Set X = 1000 1} {Set X = X+10 2} {Set X = X+1 2} {Set Y = 5 2} {Set Y = X+Y 2} {Set Y = Y+3 2} {Set Z = -1 2} {Set Z = 3 2}]
10:57:47.838419 AT NODE 1: Sending AppendEntries reply: {Term:2 Success:true}
10:57:47.839912 AT NODE 2: AppendEntries reply from NODE 1 success: nextIndex := map[0:2 1:9 3:9 4:8], matchIndex := map[0:-1 1:8 3:8 4:7]
10:57:47.840022 AT NODE 2: leader sets commitIndex := 8
10:57:47.941506 AT NODE 4: Received AppendEntries from NODE 2; args: {Term:2 LeaderId:2 PrevLogIndex:7 PrevLogTerm:2 Entries:[{Command:Set Z = 3 Term:2}] LeaderCommit:7 Latency:415}
10:57:47.941838 AT NODE 4: Log is now: [{Set X = 5 1} {Set X = 1000 1} {Set X = X+10 2} {Set X = X+1 2} {Set Y = 5 2} {Set Y = X+Y 2} {Set Y = Y+3 2} {Set Z = -1 2} {Set Z = 3 2}]
10:57:47.941962 AT NODE 4: Sending AppendEntries reply: {Term:2 Success:true}
10:57:47.943142 AT NODE 2: AppendEntries reply from NODE 4 success: nextIndex := map[0:2 1:9 3:9 4:9], matchIndex := map[0:-1 1:8 3:8 4:8]
10:57:48.505593 AT NODE 2: sending AppendEntries to 0: currentPeer_nextIndex=2, args={Term:2 LeaderId:2 PrevLogIndex:1 PrevLogTerm:1 Entries:[{Command:Set X = X+10 Term:2} {Command:Set X = X+1 Term:2} {Command:Set Y = 5 Term:2} {Command:Set Y = X+Y Term:2} {Command:Set Y = Y+3 Term:2} {Command:Set Z = -1 Term:2} {Command:Set Z = 3 Term:2}] LeaderCommit:8 Latency:243}
10:57:49.506078 AT NODE 2: sending AppendEntries to 0: currentPeer_nextIndex=2, args={Term:2 LeaderId:2 PrevLogIndex:1 PrevLogTerm:1 Entries:[{Command:Set X = X+10 Term:2} {Command:Set X = X+1 Term:2} {Command:Set Y = 5 Term:2} {Command:Set Y = X+Y Term:2} {Command:Set Y = Y+3 Term:2} {Command:Set Z = -1 Term:2} {Command:Set Z = 3 Term:2}] LeaderCommit:8 Latency:325}
10:57:49.769148 [ACTION] Reconnecting 0
10:57:50.108153 AT NODE 0: sending AppendEntries to 4: currentPeer_nextIndex=2, args={Term:1 LeaderId:0 PrevLogIndex:1 PrevLogTerm:1 Entries:[{Command:Set X = X-5 Term:1}] LeaderCommit:1 Latency:451}
10:57:50.108393 AT NODE 0: sending AppendEntries to 3: currentPeer_nextIndex=2, args={Term:1 LeaderId:0 PrevLogIndex:1 PrevLogTerm:1 Entries:[{Command:Set X = X-5 Term:1}] LeaderCommit:1 Latency:447}
10:57:50.108774 AT NODE 0: sending AppendEntries to 2: currentPeer_nextIndex=2, args={Term:1 LeaderId:0 PrevLogIndex:1 PrevLogTerm:1 Entries:[{Command:Set X = X-5 Term:1}] LeaderCommit:1 Latency:249}
10:57:50.108436 AT NODE 0: sending AppendEntries to 1: currentPeer_nextIndex=2, args={Term:1 LeaderId:0 PrevLogIndex:1 PrevLogTerm:1 Entries:[{Command:Set X = X-5 Term:1}] LeaderCommit:1 Latency:18}
10:57:50.150859 AT NODE 1: Received AppendEntries from NODE 0; args: {Term:1 LeaderId:0 PrevLogIndex:1 PrevLogTerm:1 Entries:[{Command:Set X = X-5 Term:1}] LeaderCommit:1 Latency:18}
10:57:50.151047 AT NODE 1: Sending AppendEntries reply: {Term:2 Success:false}
10:57:50.153336 AT NODE 0: became Follower with term=2; log=[{Set X = 5 1} {Set X = 1000 1} {Set X = X-5 1}]
10:57:50.153473 AT NODE 0: Updated currentTerm=2; reset votedFor and election timer
10:57:50.153931 AT NODE 0: Election timer started: 5.612s, with term=2
10:57:50.381142 AT NODE 2: Received AppendEntries from NODE 0; args: {Term:1 LeaderId:0 PrevLogIndex:1 PrevLogTerm:1 Entries:[{Command:Set X = X-5 Term:1}] LeaderCommit:1 Latency:249}
10:57:50.381369 AT NODE 2: Sending AppendEntries reply: {Term:2 Success:false}
10:57:50.504875 AT NODE 2: sending AppendEntries to 0: currentPeer_nextIndex=2, args={Term:2 LeaderId:2 PrevLogIndex:1 PrevLogTerm:1 Entries:[{Command:Set X = X+10 Term:2} {Command:Set X = X+1 Term:2} {Command:Set Y = 5 Term:2} {Command:Set Y = X+Y Term:2} {Command:Set Y = Y+3 Term:2} {Command:Set Z = -1 Term:2} {Command:Set Z = 3 Term:2}] LeaderCommit:8 Latency:343}
10:57:50.580859 AT NODE 3: Received AppendEntries from NODE 0; args: {Term:1 LeaderId:0 PrevLogIndex:1 PrevLogTerm:1 Entries:[{Command:Set X = X-5 Term:1}] LeaderCommit:1 Latency:447}
10:57:50.581063 AT NODE 3: Sending AppendEntries reply: {Term:2 Success:false}
10:57:50.583260 AT NODE 4: Received AppendEntries from NODE 0; args: {Term:1 LeaderId:0 PrevLogIndex:1 PrevLogTerm:1 Entries:[{Command:Set X = X-5 Term:1}] LeaderCommit:1 Latency:451}
10:57:50.583560 AT NODE 4: Sending AppendEntries reply: {Term:2 Success:false}
10:57:50.872470 AT NODE 0: Received AppendEntries from NODE 2; args: {Term:2 LeaderId:2 PrevLogIndex:1 PrevLogTerm:1 Entries:[{Command:Set X = X+10 Term:2} {Command:Set X = X+1 Term:2} {Command:Set Y = 5 Term:2} {Command:Set Y = X+Y Term:2} {Command:Set Y = Y+3 Term:2} {Command:Set Z = -1 Term:2} {Command:Set Z = 3 Term:2}] LeaderCommit:8 Latency:343}
10:57:50.872769 AT NODE 0: Log is now: [{Set X = 5 1} {Set X = 1000 1} {Set X = X+10 2} {Set X = X+1 2} {Set Y = 5 2} {Set Y = X+Y 2} {Set Y = Y+3 2} {Set Z = -1 2} {Set Z = 3 2}]
10:57:50.873006 AT NODE 0: Sending AppendEntries reply: {Term:2 Success:true}
10:57:50.875075 AT NODE 2: AppendEntries reply from NODE 0 success: nextIndex := map[0:9 1:9 3:9 4:9], matchIndex := map[0:8 1:8 3:8 4:8]
10:57:52.798823 AT NODE 0: KILLED
10:57:52.799081 AT NODE 0: applyCommitedLogEntries done
10:57:52.809508 AT NODE 1: KILLED
10:57:52.810012 AT NODE 2: KILLED
10:57:52.810050 AT NODE 1: applyCommitedLogEntries done
10:57:52.810247 AT NODE 2: applyCommitedLogEntries done
10:57:52.810743 AT NODE 3: KILLED
10:57:52.811194 AT NODE 3: applyCommitedLogEntries done
10:57:52.829722 AT NODE 4: KILLED
10:57:52.830159 AT NODE 4: applyCommitedLogEntries done
--- PASS: Test2 (21.11s)
PASS
ok  	RaftLogReplication	21.150s
